Detecting C [-std=c11] compiler features failed to compile with the following output:
Change Dir: /home/esteban/Documentos/TEC/1S 2019/Algoritomos y estructuras de datos II/4. Proyectos/Proyecto #1/Scrabble/cmake-build-debug/CMakeFiles/CMakeTmp

Run Build Command:"/usr/bin/make" "cmTC_4acc6/fast"
/usr/bin/make -f CMakeFiles/cmTC_4acc6.dir/build.make CMakeFiles/cmTC_4acc6.dir/build
make[1]: se entra en el directorio '/home/esteban/Documentos/TEC/1S 2019/Algoritomos y estructuras de datos II/4. Proyectos/Proyecto #1/Scrabble/cmake-build-debug/CMakeFiles/CMakeTmp'
make[1]: *** No hay ninguna regla para construir el objetivo '/home/esteban/Documentos/TEC/1S 2019/Algoritomos y estructuras de datos II/4. Proyectos/Proyecto\', necesario para 'CMakeFiles/cmTC_4acc6.dir/feature_tests.c.o'.  Alto.
make[1]: se sale del directorio '/home/esteban/Documentos/TEC/1S 2019/Algoritomos y estructuras de datos II/4. Proyectos/Proyecto #1/Scrabble/cmake-build-debug/CMakeFiles/CMakeTmp'
Makefile:121: recipe for target 'cmTC_4acc6/fast' failed
make: *** [cmTC_4acc6/fast] Error 2



Detecting CXX [-std=c++1z] compiler features failed to compile with the following output:
Change Dir: /home/esteban/Documentos/TEC/1S 2019/Algoritomos y estructuras de datos II/4. Proyectos/Proyecto #1/Scrabble/cmake-build-debug/CMakeFiles/CMakeTmp

Run Build Command:"/usr/bin/make" "cmTC_28b64/fast"
/usr/bin/make -f CMakeFiles/cmTC_28b64.dir/build.make CMakeFiles/cmTC_28b64.dir/build
make[1]: se entra en el directorio '/home/esteban/Documentos/TEC/1S 2019/Algoritomos y estructuras de datos II/4. Proyectos/Proyecto #1/Scrabble/cmake-build-debug/CMakeFiles/CMakeTmp'
make[1]: *** No hay ninguna regla para construir el objetivo '/home/esteban/Documentos/TEC/1S 2019/Algoritomos y estructuras de datos II/4. Proyectos/Proyecto\', necesario para 'CMakeFiles/cmTC_28b64.dir/feature_tests.cxx.o'.  Alto.
make[1]: se sale del directorio '/home/esteban/Documentos/TEC/1S 2019/Algoritomos y estructuras de datos II/4. Proyectos/Proyecto #1/Scrabble/cmake-build-debug/CMakeFiles/CMakeTmp'
Makefile:121: recipe for target 'cmTC_28b64/fast' failed
make: *** [cmTC_28b64/fast] Error 2



