<<<<<<< Updated upstream
Detecting C [-std=c11] compiler features failed to compile with the following output:
Change Dir: /home/esteban/Documentos/TEC/1S 2019/Algoritomos y estructuras de datos II/4. Proyectos/Proyecto #1/Scrabble/ServerProject/cmake-build-debug/CMakeFiles/CMakeTmp

Run Build Command:"/usr/bin/make" "cmTC_132e3/fast"
/usr/bin/make -f CMakeFiles/cmTC_132e3.dir/build.make CMakeFiles/cmTC_132e3.dir/build
make[1]: se entra en el directorio '/home/esteban/Documentos/TEC/1S 2019/Algoritomos y estructuras de datos II/4. Proyectos/Proyecto #1/Scrabble/ServerProject/cmake-build-debug/CMakeFiles/CMakeTmp'
make[1]: *** No hay ninguna regla para construir el objetivo '/home/esteban/Documentos/TEC/1S 2019/Algoritomos y estructuras de datos II/4. Proyectos/Proyecto\', necesario para 'CMakeFiles/cmTC_132e3.dir/feature_tests.c.o'.  Alto.
make[1]: se sale del directorio '/home/esteban/Documentos/TEC/1S 2019/Algoritomos y estructuras de datos II/4. Proyectos/Proyecto #1/Scrabble/ServerProject/cmake-build-debug/CMakeFiles/CMakeTmp'
Makefile:121: recipe for target 'cmTC_132e3/fast' failed
make: *** [cmTC_132e3/fast] Error 2



Detecting CXX [-std=c++1z] compiler features failed to compile with the following output:
Change Dir: /home/esteban/Documentos/TEC/1S 2019/Algoritomos y estructuras de datos II/4. Proyectos/Proyecto #1/Scrabble/ServerProject/cmake-build-debug/CMakeFiles/CMakeTmp

Run Build Command:"/usr/bin/make" "cmTC_0cab2/fast"
/usr/bin/make -f CMakeFiles/cmTC_0cab2.dir/build.make CMakeFiles/cmTC_0cab2.dir/build
make[1]: se entra en el directorio '/home/esteban/Documentos/TEC/1S 2019/Algoritomos y estructuras de datos II/4. Proyectos/Proyecto #1/Scrabble/ServerProject/cmake-build-debug/CMakeFiles/CMakeTmp'
make[1]: *** No hay ninguna regla para construir el objetivo '/home/esteban/Documentos/TEC/1S 2019/Algoritomos y estructuras de datos II/4. Proyectos/Proyecto\', necesario para 'CMakeFiles/cmTC_0cab2.dir/feature_tests.cxx.o'.  Alto.
make[1]: se sale del directorio '/home/esteban/Documentos/TEC/1S 2019/Algoritomos y estructuras de datos II/4. Proyectos/Proyecto #1/Scrabble/ServerProject/cmake-build-debug/CMakeFiles/CMakeTmp'
Makefile:121: recipe for target 'cmTC_0cab2/fast' failed
make: *** [cmTC_0cab2/fast] Error 2



Determining if the pthread_create exist failed with the following output:
Change Dir: /home/esteban/Documentos/TEC/1S 2019/Algoritomos y estructuras de datos II/4. Proyectos/Proyecto #1/Scrabble/ServerProject/cmake-build-debug/CMakeFiles/CMakeTmp

Run Build Command:"/usr/bin/make" "cmTC_aa3f3/fast"
/usr/bin/make -f CMakeFiles/cmTC_aa3f3.dir/build.make CMakeFiles/cmTC_aa3f3.dir/build
make[1]: se entra en el directorio '/home/esteban/Documentos/TEC/1S 2019/Algoritomos y estructuras de datos II/4. Proyectos/Proyecto #1/Scrabble/ServerProject/cmake-build-debug/CMakeFiles/CMakeTmp'
<<<<<<< HEAD
<<<<<<< HEAD
Building C object CMakeFiles/cmTC_8d3e0.dir/CheckSymbolExists.c.o
/usr/bin/cc    -o CMakeFiles/cmTC_8d3e0.dir/CheckSymbolExists.c.o   -c "/home/esteban/Documentos/TEC/1S 2019/Algoritomos y estructuras de datos II/4. Proyectos/Proyecto #1/Scrabble/ServerProject/cmake-build-debug/CMakeFiles/CMakeTmp/CheckSymbolExists.c"
Linking C executable cmTC_8d3e0
/opt/clion-2018.3.2/bin/cmake/linux/bin/cmake -E cmake_link_script CMakeFiles/cmTC_8d3e0.dir/link.txt --verbose=1
/usr/bin/cc      -rdynamic CMakeFiles/cmTC_8d3e0.dir/CheckSymbolExists.c.o  -o cmTC_8d3e0 
CMakeFiles/cmTC_8d3e0.dir/CheckSymbolExists.c.o: En la función `main':
=======
<<<<<<< HEAD
Building C object CMakeFiles/cmTC_75040.dir/CheckSymbolExists.c.o
/usr/bin/cc    -o CMakeFiles/cmTC_75040.dir/CheckSymbolExists.c.o   -c "/home/esteban/Documentos/TEC/1S 2019/Algoritomos y estructuras de datos II/4. Proyectos/Proyecto #1/Scrabble/ServerProject/cmake-build-debug/CMakeFiles/CMakeTmp/CheckSymbolExists.c"
Linking C executable cmTC_75040
/opt/clion-2018.3.2/bin/cmake/linux/bin/cmake -E cmake_link_script CMakeFiles/cmTC_75040.dir/link.txt --verbose=1
/usr/bin/cc      -rdynamic CMakeFiles/cmTC_75040.dir/CheckSymbolExists.c.o  -o cmTC_75040 
CMakeFiles/cmTC_75040.dir/CheckSymbolExists.c.o: En la función `main':
=======
<<<<<<< HEAD
=======
>>>>>>> Stashed changes
=======
Determining if the pthread_create exist failed with the following output:
>>>>>>> Stashed changes
Change Dir: /home/erickcr12/Documents/AyEDII/Proyectos/Scrabble/ServerProject/cmake-build-debug/CMakeFiles/CMakeTmp

Run Build Command:"/usr/bin/make" "cmTC_ae3de/fast"
/usr/bin/make -f CMakeFiles/cmTC_ae3de.dir/build.make CMakeFiles/cmTC_ae3de.dir/build
make[1]: Entering directory '/home/erickcr12/Documents/AyEDII/Proyectos/Scrabble/ServerProject/cmake-build-debug/CMakeFiles/CMakeTmp'
Building C object CMakeFiles/cmTC_ae3de.dir/CheckSymbolExists.c.o
/usr/bin/cc    -o CMakeFiles/cmTC_ae3de.dir/CheckSymbolExists.c.o   -c /home/erickcr12/Documents/AyEDII/Proyectos/Scrabble/ServerProject/cmake-build-debug/CMakeFiles/CMakeTmp/CheckSymbolExists.c
Linking C executable cmTC_ae3de
/opt/clion-2018.3.4/bin/cmake/linux/bin/cmake -E cmake_link_script CMakeFiles/cmTC_ae3de.dir/link.txt --verbose=1
/usr/bin/cc      -rdynamic CMakeFiles/cmTC_ae3de.dir/CheckSymbolExists.c.o  -o cmTC_ae3de 
CMakeFiles/cmTC_ae3de.dir/CheckSymbolExists.c.o: In function `main':
CheckSymbolExists.c:(.text+0x1b): undefined reference to `pthread_create'
collect2: error: ld returned 1 exit status
CMakeFiles/cmTC_ae3de.dir/build.make:86: recipe for target 'cmTC_ae3de' failed
make[1]: *** [cmTC_ae3de] Error 1
make[1]: Leaving directory '/home/erickcr12/Documents/AyEDII/Proyectos/Scrabble/ServerProject/cmake-build-debug/CMakeFiles/CMakeTmp'
Makefile:121: recipe for target 'cmTC_ae3de/fast' failed
make: *** [cmTC_ae3de/fast] Error 2

File /home/erickcr12/Documents/AyEDII/Proyectos/Scrabble/ServerProject/cmake-build-debug/CMakeFiles/CMakeTmp/CheckSymbolExists.c:
<<<<<<< Updated upstream
<<<<<<< Updated upstream
=======
Change Dir: /home/oscar_araya_x/Escritorio/GitKraken Repositories/Scrabble/ServerProject/cmake-build-debug/CMakeFiles/CMakeTmp

Run Build Command:"/usr/bin/make" "cmTC_1ab66/fast"
/usr/bin/make -f CMakeFiles/cmTC_1ab66.dir/build.make CMakeFiles/cmTC_1ab66.dir/build
make[1]: se entra en el directorio '/home/oscar_araya_x/Escritorio/GitKraken Repositories/Scrabble/ServerProject/cmake-build-debug/CMakeFiles/CMakeTmp'
Building C object CMakeFiles/cmTC_1ab66.dir/CheckSymbolExists.c.o
/usr/bin/cc    -o CMakeFiles/cmTC_1ab66.dir/CheckSymbolExists.c.o   -c "/home/oscar_araya_x/Escritorio/GitKraken Repositories/Scrabble/ServerProject/cmake-build-debug/CMakeFiles/CMakeTmp/CheckSymbolExists.c"
Linking C executable cmTC_1ab66
/opt/clion-2019.1/bin/cmake/linux/bin/cmake -E cmake_link_script CMakeFiles/cmTC_1ab66.dir/link.txt --verbose=1
/usr/bin/cc      -rdynamic CMakeFiles/cmTC_1ab66.dir/CheckSymbolExists.c.o  -o cmTC_1ab66 
CMakeFiles/cmTC_1ab66.dir/CheckSymbolExists.c.o: En la función `main':
>>>>>>> master
=======
Building C object CMakeFiles/cmTC_c7e3a.dir/CheckSymbolExists.c.o
/usr/bin/cc    -o CMakeFiles/cmTC_c7e3a.dir/CheckSymbolExists.c.o   -c "/home/esteban/Documentos/TEC/1S 2019/Algoritomos y estructuras de datos II/4. Proyectos/Proyecto #1/Scrabble/ServerProject/cmake-build-debug/CMakeFiles/CMakeTmp/CheckSymbolExists.c"
Linking C executable cmTC_c7e3a
/opt/clion-2018.3.2/bin/cmake/linux/bin/cmake -E cmake_link_script CMakeFiles/cmTC_c7e3a.dir/link.txt --verbose=1
/usr/bin/cc      -rdynamic CMakeFiles/cmTC_c7e3a.dir/CheckSymbolExists.c.o  -o cmTC_c7e3a 
CMakeFiles/cmTC_c7e3a.dir/CheckSymbolExists.c.o: En la función `main':
>>>>>>> master
>>>>>>> master
=======
Building C object CMakeFiles/cmTC_aa3f3.dir/CheckSymbolExists.c.o
/usr/bin/cc    -o CMakeFiles/cmTC_aa3f3.dir/CheckSymbolExists.c.o   -c "/home/esteban/Documentos/TEC/1S 2019/Algoritomos y estructuras de datos II/4. Proyectos/Proyecto #1/Scrabble/ServerProject/cmake-build-debug/CMakeFiles/CMakeTmp/CheckSymbolExists.c"
Linking C executable cmTC_aa3f3
/opt/clion-2018.3.2/bin/cmake/linux/bin/cmake -E cmake_link_script CMakeFiles/cmTC_aa3f3.dir/link.txt --verbose=1
/usr/bin/cc      -rdynamic CMakeFiles/cmTC_aa3f3.dir/CheckSymbolExists.c.o  -o cmTC_aa3f3 
CMakeFiles/cmTC_aa3f3.dir/CheckSymbolExists.c.o: En la función `main':
>>>>>>> master
CheckSymbolExists.c:(.text+0x1b): referencia a `pthread_create' sin definir
collect2: error: ld returned 1 exit status
CMakeFiles/cmTC_aa3f3.dir/build.make:86: recipe for target 'cmTC_aa3f3' failed
make[1]: *** [cmTC_aa3f3] Error 1
make[1]: se sale del directorio '/home/esteban/Documentos/TEC/1S 2019/Algoritomos y estructuras de datos II/4. Proyectos/Proyecto #1/Scrabble/ServerProject/cmake-build-debug/CMakeFiles/CMakeTmp'
Makefile:121: recipe for target 'cmTC_aa3f3/fast' failed
make: *** [cmTC_aa3f3/fast] Error 2

File /home/esteban/Documentos/TEC/1S 2019/Algoritomos y estructuras de datos II/4. Proyectos/Proyecto #1/Scrabble/ServerProject/cmake-build-debug/CMakeFiles/CMakeTmp/CheckSymbolExists.c:
<<<<<<< HEAD
<<<<<<< HEAD
=======
File /home/oscar_araya_x/Escritorio/GitKraken Repositories/Scrabble/ServerProject/cmake-build-debug/CMakeFiles/CMakeTmp/CheckSymbolExists.c:
>>>>>>> master
>>>>>>> master
=======
>>>>>>> Stashed changes
=======
>>>>>>> master
=======
>>>>>>> Stashed changes
=======
>>>>>>> master
/* */
#include <pthread.h>

int main(int argc, char** argv)
{
  (void)argv;
#ifndef pthread_create
  return ((int*)(&pthread_create))[argc];
#else
  (void)argc;
  return 0;
#endif
}

Determining if the function pthread_create exists in the pthreads failed with the following output:
<<<<<<< HEAD
<<<<<<< Updated upstream
<<<<<<< HEAD
<<<<<<< Updated upstream
<<<<<<< HEAD
=======
>>>>>>> master
=======
>>>>>>> master
Change Dir: /home/esteban/Documentos/TEC/1S 2019/Algoritomos y estructuras de datos II/4. Proyectos/Proyecto #1/Scrabble/ServerProject/cmake-build-debug/CMakeFiles/CMakeTmp

Run Build Command:"/usr/bin/make" "cmTC_bb756/fast"
/usr/bin/make -f CMakeFiles/cmTC_bb756.dir/build.make CMakeFiles/cmTC_bb756.dir/build
make[1]: se entra en el directorio '/home/esteban/Documentos/TEC/1S 2019/Algoritomos y estructuras de datos II/4. Proyectos/Proyecto #1/Scrabble/ServerProject/cmake-build-debug/CMakeFiles/CMakeTmp'
Building C object CMakeFiles/cmTC_bb756.dir/CheckFunctionExists.c.o
/usr/bin/cc   -DCHECK_FUNCTION_EXISTS=pthread_create   -o CMakeFiles/cmTC_bb756.dir/CheckFunctionExists.c.o   -c /opt/clion-2018.3.2/bin/cmake/linux/share/cmake-3.13/Modules/CheckFunctionExists.c
Linking C executable cmTC_bb756
/opt/clion-2018.3.2/bin/cmake/linux/bin/cmake -E cmake_link_script CMakeFiles/cmTC_bb756.dir/link.txt --verbose=1
/usr/bin/cc  -DCHECK_FUNCTION_EXISTS=pthread_create    -rdynamic CMakeFiles/cmTC_bb756.dir/CheckFunctionExists.c.o  -o cmTC_bb756 -lpthreads 
/usr/bin/ld: no se puede encontrar -lpthreads
collect2: error: ld returned 1 exit status
CMakeFiles/cmTC_bb756.dir/build.make:86: recipe for target 'cmTC_bb756' failed
make[1]: *** [cmTC_bb756] Error 1
make[1]: se sale del directorio '/home/esteban/Documentos/TEC/1S 2019/Algoritomos y estructuras de datos II/4. Proyectos/Proyecto #1/Scrabble/ServerProject/cmake-build-debug/CMakeFiles/CMakeTmp'
<<<<<<< HEAD
<<<<<<< HEAD
Makefile:121: recipe for target 'cmTC_4fc99/fast' failed
make: *** [cmTC_4fc99/fast] Error 2
=======
<<<<<<< HEAD
Makefile:121: recipe for target 'cmTC_a5d40/fast' failed
make: *** [cmTC_a5d40/fast] Error 2
=======
<<<<<<< HEAD
=======
>>>>>>> Stashed changes
=======
>>>>>>> Stashed changes
Change Dir: /home/erickcr12/Documents/AyEDII/Proyectos/Scrabble/ServerProject/cmake-build-debug/CMakeFiles/CMakeTmp

Run Build Command:"/usr/bin/make" "cmTC_4a3dc/fast"
/usr/bin/make -f CMakeFiles/cmTC_4a3dc.dir/build.make CMakeFiles/cmTC_4a3dc.dir/build
make[1]: Entering directory '/home/erickcr12/Documents/AyEDII/Proyectos/Scrabble/ServerProject/cmake-build-debug/CMakeFiles/CMakeTmp'
Building C object CMakeFiles/cmTC_4a3dc.dir/CheckFunctionExists.c.o
/usr/bin/cc   -DCHECK_FUNCTION_EXISTS=pthread_create   -o CMakeFiles/cmTC_4a3dc.dir/CheckFunctionExists.c.o   -c /opt/clion-2018.3.4/bin/cmake/linux/share/cmake-3.13/Modules/CheckFunctionExists.c
Linking C executable cmTC_4a3dc
/opt/clion-2018.3.4/bin/cmake/linux/bin/cmake -E cmake_link_script CMakeFiles/cmTC_4a3dc.dir/link.txt --verbose=1
/usr/bin/cc  -DCHECK_FUNCTION_EXISTS=pthread_create    -rdynamic CMakeFiles/cmTC_4a3dc.dir/CheckFunctionExists.c.o  -o cmTC_4a3dc -lpthreads 
/usr/bin/ld: cannot find -lpthreads
collect2: error: ld returned 1 exit status
CMakeFiles/cmTC_4a3dc.dir/build.make:86: recipe for target 'cmTC_4a3dc' failed
make[1]: *** [cmTC_4a3dc] Error 1
make[1]: Leaving directory '/home/erickcr12/Documents/AyEDII/Proyectos/Scrabble/ServerProject/cmake-build-debug/CMakeFiles/CMakeTmp'
<<<<<<< Updated upstream
<<<<<<< Updated upstream
Makefile:121: recipe for target 'cmTC_fca01/fast' failed
make: *** [cmTC_fca01/fast] Error 2
=======
Change Dir: /home/oscar_araya_x/Escritorio/GitKraken Repositories/Scrabble/ServerProject/cmake-build-debug/CMakeFiles/CMakeTmp

Run Build Command:"/usr/bin/make" "cmTC_e55af/fast"
/usr/bin/make -f CMakeFiles/cmTC_e55af.dir/build.make CMakeFiles/cmTC_e55af.dir/build
make[1]: se entra en el directorio '/home/oscar_araya_x/Escritorio/GitKraken Repositories/Scrabble/ServerProject/cmake-build-debug/CMakeFiles/CMakeTmp'
Building C object CMakeFiles/cmTC_e55af.dir/CheckFunctionExists.c.o
/usr/bin/cc   -DCHECK_FUNCTION_EXISTS=pthread_create   -o CMakeFiles/cmTC_e55af.dir/CheckFunctionExists.c.o   -c /opt/clion-2019.1/bin/cmake/linux/share/cmake-3.13/Modules/CheckFunctionExists.c
Linking C executable cmTC_e55af
/opt/clion-2019.1/bin/cmake/linux/bin/cmake -E cmake_link_script CMakeFiles/cmTC_e55af.dir/link.txt --verbose=1
/usr/bin/cc  -DCHECK_FUNCTION_EXISTS=pthread_create    -rdynamic CMakeFiles/cmTC_e55af.dir/CheckFunctionExists.c.o  -o cmTC_e55af -lpthreads 
/usr/bin/ld: no se puede encontrar -lpthreads
collect2: error: ld returned 1 exit status
CMakeFiles/cmTC_e55af.dir/build.make:86: recipe for target 'cmTC_e55af' failed
make[1]: *** [cmTC_e55af] Error 1
make[1]: se sale del directorio '/home/oscar_araya_x/Escritorio/GitKraken Repositories/Scrabble/ServerProject/cmake-build-debug/CMakeFiles/CMakeTmp'
Makefile:121: recipe for target 'cmTC_e55af/fast' failed
make: *** [cmTC_e55af/fast] Error 2
>>>>>>> master
>>>>>>> master
=======
Makefile:121: recipe for target 'cmTC_e7b2c/fast' failed
make: *** [cmTC_e7b2c/fast] Error 2
>>>>>>> Stashed changes
=======
Makefile:121: recipe for target 'cmTC_8ed99/fast' failed
make: *** [cmTC_8ed99/fast] Error 2
>>>>>>> master
>>>>>>> master
=======
Makefile:121: recipe for target 'cmTC_4a3dc/fast' failed
make: *** [cmTC_4a3dc/fast] Error 2
>>>>>>> Stashed changes
=======
Makefile:121: recipe for target 'cmTC_bb756/fast' failed
make: *** [cmTC_bb756/fast] Error 2
>>>>>>> master


